WARNING - 2020-02-18 09:07:35,057 Database directory not found!
INFO - 2020-02-18 09:07:35,057 Database directory created successfully!
WARNING - 2020-02-18 09:07:35,057 Database not found!
INFO - 2020-02-18 09:07:35,423 Database and tables created successfully!
INFO - 2020-02-18 09:07:46,492 Starting program USER: Cathbert Mutaurwa
INFO - 2020-02-18 10:14:32,790 Starting program USER: John Doe
INFO - 2020-02-18 10:20:38,309 Starting program USER: John Doe
INFO - 2020-02-18 10:20:44,633 John Doe logged out
INFO - 2020-02-18 10:26:50,442  exited out
INFO - 2020-02-18 10:28:33,028 Starting program USER: Mary Doe
INFO - 2020-02-18 10:28:36,182 Mary Doe exited out
INFO - 2020-02-18 10:34:24,330  exited out
INFO - 2020-02-18 10:36:30,008 Admin exited out
INFO - 2020-02-18 10:43:57,884 Admin exited out
INFO - 2020-02-18 10:44:15,144 Admin exited out
INFO - 2020-02-18 10:46:01,530 Admin exited out
INFO - 2020-02-18 10:47:32,202 Admin exited out
INFO - 2020-02-18 10:49:06,787 Admin exited out
INFO - 2020-02-18 10:50:19,460 Admin exited out
INFO - 2020-02-18 11:54:40,705 Admin exited out
INFO - 2020-02-18 11:55:25,041 Admin exited out
INFO - 2020-02-18 11:56:32,048 Admin exited out
INFO - 2020-02-18 11:57:46,889 Admin exited out
INFO - 2020-02-18 11:58:57,148 Admin exited out
INFO - 2020-02-18 12:00:13,443 Admin exited out
INFO - 2020-02-18 12:03:25,944 Admin exited out
INFO - 2020-02-18 12:04:51,079 Admin exited out
INFO - 2020-02-18 12:07:02,391 Admin exited out
INFO - 2020-02-18 12:08:43,744 Admin exited out
INFO - 2020-02-18 12:17:16,119 Admin exited out
INFO - 2020-02-18 12:20:18,078 Admin exited out
INFO - 2020-02-18 12:20:33,534 Admin exited out
INFO - 2020-02-18 12:21:11,560 Admin exited out
INFO - 2020-02-18 12:21:21,622 Admin exited out
INFO - 2020-02-18 12:50:28,535 New user Jon created!
INFO - 2020-02-18 12:50:38,765 Starting program USER: John  Doe
INFO - 2020-02-18 12:50:44,921  exited out
INFO - 2020-02-18 12:51:59,733 Admin exited out
INFO - 2020-02-18 12:52:27,205 Starting program USER: John  Doe
INFO - 2020-02-18 12:52:54,198 Starting program USER: John  Doe
INFO - 2020-02-18 12:53:00,626  exited out
INFO - 2020-02-18 13:19:28,483 Admin exited out
INFO - 2020-02-18 13:21:23,618 Admin exited out
INFO - 2020-02-18 13:27:58,823 Admin exited out
INFO - 2020-02-18 13:32:12,370 Admin exited out
